<?xml version="1.0" encoding="UTF-8"?>
<!-- Generated by org.testng.reporters.JUnitXMLReporter -->
<testsuite hostname="DESKTOP-ANFB91A" ignored="0" name="TestNG App Test Cases" tests="3" failures="0" timestamp="16 Oct 2019 19:45:50 GMT" time="12.601" errors="0">
  <testcase name="test1" time="0.013" classname="com.test.ExceptionTimeoutTest"/>
  <testcase name="googleLogoTest" time="0.052" classname="com.test.GoogleTest"/>
  <testcase name="googleTitleTest" time="0.014" classname="com.test.GoogleTest"/>
</testsuite> <!-- TestNG App Test Cases -->
